build/app/intermediates/manifest_merge_blame_file/release/manifest-merger-blame-release-report.txt
1<?xml version="1.0" encoding="utf-8"?>
2<manifest xmlns:android="http://schemas.android.com/apk/res/android"
3    package="com.chuwaichun.fyp"
4    android:versionCode="4001"
5    android:versionName="1.0.0" >
6
7    <uses-sdk
8        android:minSdkVersion="19"
8-->src/main/AndroidManifest.xml
9        android:targetSdkVersion="31" />
9-->src/main/AndroidManifest.xml
10
11    <uses-permission android:name="android.permission.INTERNET" />
11-->[:firebase_messaging] AndroidManifest.xml:7:5-67
11-->[:firebase_messaging] AndroidManifest.xml:7:22-64
12    <uses-permission android:name="android.permission.WAKE_LOCK" />
12-->[:firebase_messaging] AndroidManifest.xml:8:5-68
12-->[:firebase_messaging] AndroidManifest.xml:8:22-65
13    <uses-permission android:name="android.permission.ACCESS_NETWORK_STATE" />
13-->[:firebase_messaging] AndroidManifest.xml:9:5-79
13-->[:firebase_messaging] AndroidManifest.xml:9:22-76
14    <uses-permission android:name="android.permission.RECEIVE_BOOT_COMPLETED" />
14-->[:flutter_local_notifications] AndroidManifest.xml:7:5-81
14-->[:flutter_local_notifications] AndroidManifest.xml:7:22-78
15    <uses-permission android:name="android.permission.VIBRATE" />
15-->[:flutter_local_notifications] AndroidManifest.xml:8:5-66
15-->[:flutter_local_notifications] AndroidManifest.xml:8:22-63
16    <uses-permission android:name="android.permission.USE_FULL_SCREEN_INTENT" />
16-->[:flutter_local_notifications] AndroidManifest.xml:9:5-81
16-->[:flutter_local_notifications] AndroidManifest.xml:9:22-78
17    <uses-permission android:name="android.permission.SCHEDULE_EXACT_ALARM" /> <!-- Required by older versions of Google Play services to create IID tokens -->
17-->[:flutter_local_notifications] AndroidManifest.xml:10:5-79
17-->[:flutter_local_notifications] AndroidManifest.xml:10:22-76
18    <uses-permission android:name="com.google.android.c2dm.permission.RECEIVE" />
18-->[com.google.firebase:firebase-messaging:23.0.0] AndroidManifest.xml:25:5-82
18-->[com.google.firebase:firebase-messaging:23.0.0] AndroidManifest.xml:25:22-79
19    <uses-permission android:name="com.google.android.gms.permission.AD_ID" />
19-->[com.facebook.android:facebook-core:13.2.0] AndroidManifest.xml:28:5-79
19-->[com.facebook.android:facebook-core:13.2.0] AndroidManifest.xml:28:22-76
20    <uses-permission android:name="com.google.android.finsky.permission.BIND_GET_INSTALL_REFERRER_SERVICE" />
20-->[com.android.installreferrer:installreferrer:1.0] AndroidManifest.xml:9:5-110
20-->[com.android.installreferrer:installreferrer:1.0] AndroidManifest.xml:9:22-107
21
22    <application
22-->src/main/AndroidManifest.xml:3:4-45:19
23        android:name="androidx.multidex.MultiDexApplication"
24        android:appComponentFactory="androidx.core.app.CoreComponentFactory"
24-->[androidx.core:core:1.3.2] AndroidManifest.xml:24:18-86
25        android:icon="@mipmap/ic_launcher"
25-->src/main/AndroidManifest.xml:5:9-43
26        android:label="fyp"
26-->src/main/AndroidManifest.xml:4:9-28
27        android:supportsRtl="true" >
27-->[com.facebook.android:facebook-login:13.2.0] AndroidManifest.xml:28:18-44
28        <meta-data
28-->src/main/AndroidManifest.xml:6:9-8:52
29            android:name="com.google.firebase.messaging.default_notification_icon"
29-->src/main/AndroidManifest.xml:7:11-81
30            android:resource="@mipmap/ic_launcher" />
30-->src/main/AndroidManifest.xml:8:11-49
31
32        <activity
32-->src/main/AndroidManifest.xml:9:9-39:20
33            android:name="com.chuwaichun.fyp.MainActivity"
33-->src/main/AndroidManifest.xml:10:13-41
34            android:configChanges="orientation|keyboardHidden|keyboard|screenSize|smallestScreenSize|locale|layoutDirection|fontScale|screenLayout|density|uiMode"
34-->src/main/AndroidManifest.xml:14:13-163
35            android:exported="true"
35-->src/main/AndroidManifest.xml:11:13-36
36            android:hardwareAccelerated="true"
36-->src/main/AndroidManifest.xml:15:13-47
37            android:launchMode="singleTop"
37-->src/main/AndroidManifest.xml:12:13-43
38            android:theme="@style/LaunchTheme"
38-->src/main/AndroidManifest.xml:13:13-47
39            android:windowSoftInputMode="adjustResize" >
39-->src/main/AndroidManifest.xml:16:13-55
40
41            <!--
42                 Specifies an Android theme to apply to this Activity as soon as
43                 the Android process has started. This theme is visible to the user
44                 while the Flutter UI initializes. After that, this theme continues
45                 to determine the Window background behind the Flutter UI.
46            -->
47            <meta-data
47-->src/main/AndroidManifest.xml:22:13-25:17
48                android:name="io.flutter.embedding.android.NormalTheme"
48-->src/main/AndroidManifest.xml:23:15-70
49                android:resource="@style/NormalTheme" />
49-->src/main/AndroidManifest.xml:24:15-52
50            <!--
51                 Displays an Android View that continues showing the launch screen
52                 Drawable until Flutter paints its first frame, then this splash
53                 screen fades out. A splash screen is useful to avoid any visual
54                 gap between the end of Android's launch screen and the painting of
55                 Flutter's first frame.
56            -->
57            <meta-data
57-->src/main/AndroidManifest.xml:31:13-34:17
58                android:name="io.flutter.embedding.android.SplashScreenDrawable"
58-->src/main/AndroidManifest.xml:32:15-79
59                android:resource="@drawable/launch_background" />
59-->src/main/AndroidManifest.xml:33:15-61
60
61            <intent-filter>
61-->src/main/AndroidManifest.xml:35:13-38:29
62                <action android:name="android.intent.action.MAIN" />
62-->src/main/AndroidManifest.xml:36:17-68
62-->src/main/AndroidManifest.xml:36:25-66
63
64                <category android:name="android.intent.category.LAUNCHER" />
64-->src/main/AndroidManifest.xml:37:17-76
64-->src/main/AndroidManifest.xml:37:27-74
65            </intent-filter>
66        </activity>
67        <!--
68             Don't delete the meta-data below.
69             This is used by the Flutter tool to generate GeneratedPluginRegistrant.java
70        -->
71        <meta-data
71-->src/main/AndroidManifest.xml:42:9-44:33
72            android:name="flutterEmbedding"
72-->src/main/AndroidManifest.xml:43:13-44
73            android:value="2" />
73-->src/main/AndroidManifest.xml:44:13-30
74
75        <service
75-->[:firebase_messaging] AndroidManifest.xml:12:9-15:72
76            android:name="io.flutter.plugins.firebase.messaging.FlutterFirebaseMessagingBackgroundService"
76-->[:firebase_messaging] AndroidManifest.xml:13:13-107
77            android:exported="false"
77-->[:firebase_messaging] AndroidManifest.xml:14:13-37
78            android:permission="android.permission.BIND_JOB_SERVICE" />
78-->[:firebase_messaging] AndroidManifest.xml:15:13-69
79        <service
79-->[:firebase_messaging] AndroidManifest.xml:16:9-22:19
80            android:name="io.flutter.plugins.firebase.messaging.FlutterFirebaseMessagingService"
80-->[:firebase_messaging] AndroidManifest.xml:17:13-97
81            android:exported="false" >
81-->[:firebase_messaging] AndroidManifest.xml:18:13-37
82            <intent-filter>
82-->[:firebase_messaging] AndroidManifest.xml:19:13-21:29
83                <action android:name="com.google.firebase.MESSAGING_EVENT" />
83-->[:firebase_messaging] AndroidManifest.xml:20:17-78
83-->[:firebase_messaging] AndroidManifest.xml:20:25-75
84            </intent-filter>
85        </service>
86
87        <receiver
87-->[:firebase_messaging] AndroidManifest.xml:24:9-31:20
88            android:name="io.flutter.plugins.firebase.messaging.FlutterFirebaseMessagingReceiver"
88-->[:firebase_messaging] AndroidManifest.xml:25:13-98
89            android:exported="true"
89-->[:firebase_messaging] AndroidManifest.xml:26:13-36
90            android:permission="com.google.android.c2dm.permission.SEND" >
90-->[:firebase_messaging] AndroidManifest.xml:27:13-73
91            <intent-filter>
91-->[:firebase_messaging] AndroidManifest.xml:28:13-30:29
92                <action android:name="com.google.android.c2dm.intent.RECEIVE" />
92-->[:firebase_messaging] AndroidManifest.xml:29:17-81
92-->[:firebase_messaging] AndroidManifest.xml:29:25-78
93            </intent-filter>
94        </receiver>
95
96        <service
96-->[:firebase_messaging] AndroidManifest.xml:33:9-37:19
97            android:name="com.google.firebase.components.ComponentDiscoveryService"
97-->[:firebase_messaging] AndroidManifest.xml:33:18-89
98            android:directBootAware="true"
98-->[com.google.firebase:firebase-common:20.0.0] AndroidManifest.xml:35:13-43
99            android:exported="false" >
99-->[com.google.firebase:firebase-messaging:23.0.0] AndroidManifest.xml:51:13-37
100            <meta-data
100-->[:firebase_messaging] AndroidManifest.xml:34:13-36:85
101                android:name="com.google.firebase.components:io.flutter.plugins.firebase.messaging.FlutterFirebaseAppRegistrar"
101-->[:firebase_messaging] AndroidManifest.xml:35:17-128
102                android:value="com.google.firebase.components.ComponentRegistrar" />
102-->[:firebase_messaging] AndroidManifest.xml:36:17-82
103            <meta-data
103-->[:firebase_core] AndroidManifest.xml:9:13-11:85
104                android:name="com.google.firebase.components:io.flutter.plugins.firebase.core.FlutterFirebaseCoreRegistrar"
104-->[:firebase_core] AndroidManifest.xml:10:17-124
105                android:value="com.google.firebase.components.ComponentRegistrar" />
105-->[:firebase_core] AndroidManifest.xml:11:17-82
106            <meta-data
106-->[com.google.firebase:firebase-messaging:23.0.0] AndroidManifest.xml:52:13-54:85
107                android:name="com.google.firebase.components:com.google.firebase.messaging.FirebaseMessagingRegistrar"
107-->[com.google.firebase:firebase-messaging:23.0.0] AndroidManifest.xml:53:17-119
108                android:value="com.google.firebase.components.ComponentRegistrar" />
108-->[com.google.firebase:firebase-messaging:23.0.0] AndroidManifest.xml:54:17-82
109            <meta-data
109-->[com.google.firebase:firebase-datatransport:18.0.0] AndroidManifest.xml:28:13-30:85
110                android:name="com.google.firebase.components:com.google.firebase.datatransport.TransportRegistrar"
110-->[com.google.firebase:firebase-datatransport:18.0.0] AndroidManifest.xml:29:17-115
111                android:value="com.google.firebase.components.ComponentRegistrar" />
111-->[com.google.firebase:firebase-datatransport:18.0.0] AndroidManifest.xml:30:17-82
112            <meta-data
112-->[com.google.firebase:firebase-installations:17.0.0] AndroidManifest.xml:18:13-20:85
113                android:name="com.google.firebase.components:com.google.firebase.installations.FirebaseInstallationsRegistrar"
113-->[com.google.firebase:firebase-installations:17.0.0] AndroidManifest.xml:19:17-127
114                android:value="com.google.firebase.components.ComponentRegistrar" />
114-->[com.google.firebase:firebase-installations:17.0.0] AndroidManifest.xml:20:17-82
115        </service>
116
117        <provider
117-->[:firebase_messaging] AndroidManifest.xml:39:9-43:38
118            android:name="io.flutter.plugins.firebase.messaging.FlutterFirebaseMessagingInitProvider"
118-->[:firebase_messaging] AndroidManifest.xml:40:13-102
119            android:authorities="com.chuwaichun.fyp.flutterfirebasemessaginginitprovider"
119-->[:firebase_messaging] AndroidManifest.xml:41:13-88
120            android:exported="false"
120-->[:firebase_messaging] AndroidManifest.xml:42:13-37
121            android:initOrder="99" />
121-->[:firebase_messaging] AndroidManifest.xml:43:13-35
122        <provider
122-->[:image_picker] AndroidManifest.xml:8:9-16:20
123            android:name="io.flutter.plugins.imagepicker.ImagePickerFileProvider"
123-->[:image_picker] AndroidManifest.xml:9:13-82
124            android:authorities="com.chuwaichun.fyp.flutter.image_provider"
124-->[:image_picker] AndroidManifest.xml:10:13-74
125            android:exported="false"
125-->[:image_picker] AndroidManifest.xml:11:13-37
126            android:grantUriPermissions="true" >
126-->[:image_picker] AndroidManifest.xml:12:13-47
127            <meta-data
127-->[:image_picker] AndroidManifest.xml:13:13-15:75
128                android:name="android.support.FILE_PROVIDER_PATHS"
128-->[:image_picker] AndroidManifest.xml:14:17-67
129                android:resource="@xml/flutter_image_picker_file_paths" />
129-->[:image_picker] AndroidManifest.xml:15:17-72
130        </provider>
131
132        <receiver
132-->[:flutter_local_notifications] AndroidManifest.xml:13:9-15:40
133            android:name="com.dexterous.flutterlocalnotifications.ScheduledNotificationReceiver"
133-->[:flutter_local_notifications] AndroidManifest.xml:14:13-97
134            android:exported="false" />
134-->[:flutter_local_notifications] AndroidManifest.xml:15:13-37
135        <receiver
135-->[:flutter_local_notifications] AndroidManifest.xml:16:9-25:20
136            android:name="com.dexterous.flutterlocalnotifications.ScheduledNotificationBootReceiver"
136-->[:flutter_local_notifications] AndroidManifest.xml:17:13-101
137            android:exported="false" >
137-->[:flutter_local_notifications] AndroidManifest.xml:18:13-37
138            <intent-filter>
138-->[:flutter_local_notifications] AndroidManifest.xml:19:13-24:29
139                <action android:name="android.intent.action.BOOT_COMPLETED" />
139-->[:flutter_local_notifications] AndroidManifest.xml:20:17-79
139-->[:flutter_local_notifications] AndroidManifest.xml:20:25-76
140                <action android:name="android.intent.action.MY_PACKAGE_REPLACED" />
140-->[:flutter_local_notifications] AndroidManifest.xml:21:17-84
140-->[:flutter_local_notifications] AndroidManifest.xml:21:25-81
141                <action android:name="android.intent.action.QUICKBOOT_POWERON" />
141-->[:flutter_local_notifications] AndroidManifest.xml:22:17-82
141-->[:flutter_local_notifications] AndroidManifest.xml:22:25-79
142                <action android:name="com.htc.intent.action.QUICKBOOT_POWERON" />
142-->[:flutter_local_notifications] AndroidManifest.xml:23:17-82
142-->[:flutter_local_notifications] AndroidManifest.xml:23:25-79
143            </intent-filter>
144        </receiver>
145
146        <activity
146-->[:url_launcher_android] AndroidManifest.xml:8:9-11:74
147            android:name="io.flutter.plugins.urllauncher.WebViewActivity"
147-->[:url_launcher_android] AndroidManifest.xml:9:13-74
148            android:exported="false"
148-->[:url_launcher_android] AndroidManifest.xml:10:13-37
149            android:theme="@android:style/Theme.NoTitleBar.Fullscreen" />
149-->[:url_launcher_android] AndroidManifest.xml:11:13-71
150
151        <receiver
151-->[com.google.firebase:firebase-messaging:23.0.0] AndroidManifest.xml:28:9-35:20
152            android:name="com.google.firebase.iid.FirebaseInstanceIdReceiver"
152-->[com.google.firebase:firebase-messaging:23.0.0] AndroidManifest.xml:29:13-78
153            android:exported="true"
153-->[com.google.firebase:firebase-messaging:23.0.0] AndroidManifest.xml:30:13-36
154            android:permission="com.google.android.c2dm.permission.SEND" >
154-->[com.google.firebase:firebase-messaging:23.0.0] AndroidManifest.xml:31:13-73
155            <intent-filter>
155-->[:firebase_messaging] AndroidManifest.xml:28:13-30:29
156                <action android:name="com.google.android.c2dm.intent.RECEIVE" />
156-->[:firebase_messaging] AndroidManifest.xml:29:17-81
156-->[:firebase_messaging] AndroidManifest.xml:29:25-78
157            </intent-filter>
158        </receiver>
159        <!--
160             FirebaseMessagingService performs security checks at runtime,
161             but set to not exported to explicitly avoid allowing another app to call it.
162        -->
163        <service
163-->[com.google.firebase:firebase-messaging:23.0.0] AndroidManifest.xml:41:9-48:19
164            android:name="com.google.firebase.messaging.FirebaseMessagingService"
164-->[com.google.firebase:firebase-messaging:23.0.0] AndroidManifest.xml:42:13-82
165            android:directBootAware="true"
165-->[com.google.firebase:firebase-messaging:23.0.0] AndroidManifest.xml:43:13-43
166            android:exported="false" >
166-->[com.google.firebase:firebase-messaging:23.0.0] AndroidManifest.xml:44:13-37
167            <intent-filter android:priority="-500" >
167-->[:firebase_messaging] AndroidManifest.xml:19:13-21:29
168                <action android:name="com.google.firebase.MESSAGING_EVENT" />
168-->[:firebase_messaging] AndroidManifest.xml:20:17-78
168-->[:firebase_messaging] AndroidManifest.xml:20:25-75
169            </intent-filter>
170        </service>
171
172        <provider
172-->[com.google.firebase:firebase-common:20.0.0] AndroidManifest.xml:26:9-31:39
173            android:name="com.google.firebase.provider.FirebaseInitProvider"
173-->[com.google.firebase:firebase-common:20.0.0] AndroidManifest.xml:27:13-77
174            android:authorities="com.chuwaichun.fyp.firebaseinitprovider"
174-->[com.google.firebase:firebase-common:20.0.0] AndroidManifest.xml:28:13-72
175            android:directBootAware="true"
175-->[com.google.firebase:firebase-common:20.0.0] AndroidManifest.xml:29:13-43
176            android:exported="false"
176-->[com.google.firebase:firebase-common:20.0.0] AndroidManifest.xml:30:13-37
177            android:initOrder="100" />
177-->[com.google.firebase:firebase-common:20.0.0] AndroidManifest.xml:31:13-36
178
179        <activity
179-->[com.facebook.android:facebook-common:13.2.0] AndroidManifest.xml:30:9-33:66
180            android:name="com.facebook.FacebookActivity"
180-->[com.facebook.android:facebook-common:13.2.0] AndroidManifest.xml:31:13-57
181            android:configChanges="keyboard|keyboardHidden|screenLayout|screenSize|orientation"
181-->[com.facebook.android:facebook-common:13.2.0] AndroidManifest.xml:32:13-96
182            android:theme="@style/com_facebook_activity_theme" />
182-->[com.facebook.android:facebook-common:13.2.0] AndroidManifest.xml:33:13-63
183        <activity android:name="com.facebook.CustomTabMainActivity" />
183-->[com.facebook.android:facebook-common:13.2.0] AndroidManifest.xml:34:9-71
183-->[com.facebook.android:facebook-common:13.2.0] AndroidManifest.xml:34:19-68
184        <activity
184-->[com.facebook.android:facebook-common:13.2.0] AndroidManifest.xml:35:9-49:20
185            android:name="com.facebook.CustomTabActivity"
185-->[com.facebook.android:facebook-common:13.2.0] AndroidManifest.xml:36:13-58
186            android:exported="true" >
186-->[com.facebook.android:facebook-common:13.2.0] AndroidManifest.xml:37:13-36
187            <intent-filter>
187-->[com.facebook.android:facebook-common:13.2.0] AndroidManifest.xml:39:13-48:29
188                <action android:name="android.intent.action.VIEW" />
188-->[com.facebook.android:facebook-common:13.2.0] AndroidManifest.xml:40:17-69
188-->[com.facebook.android:facebook-common:13.2.0] AndroidManifest.xml:40:25-66
189
190                <category android:name="android.intent.category.DEFAULT" />
190-->[com.facebook.android:facebook-common:13.2.0] AndroidManifest.xml:42:17-76
190-->[com.facebook.android:facebook-common:13.2.0] AndroidManifest.xml:42:27-73
191                <category android:name="android.intent.category.BROWSABLE" />
191-->[com.facebook.android:facebook-common:13.2.0] AndroidManifest.xml:43:17-78
191-->[com.facebook.android:facebook-common:13.2.0] AndroidManifest.xml:43:27-75
192
193                <data
193-->[com.facebook.android:facebook-common:13.2.0] AndroidManifest.xml:45:17-47:50
194                    android:host="cct.com.chuwaichun.fyp"
194-->[com.facebook.android:facebook-common:13.2.0] AndroidManifest.xml:46:21-56
195                    android:scheme="fbconnect" />
195-->[com.facebook.android:facebook-common:13.2.0] AndroidManifest.xml:47:21-47
196            </intent-filter>
197        </activity>
198        <!--
199         The initialization ContentProvider will call FacebookSdk.sdkInitialize automatically
200         with the application context. This config is merged in with the host app's manifest,
201         but there can only be one provider with the same authority activated at any given
202         point; so if the end user has two or more different apps that use Facebook SDK, only the
203         first one will be able to use the provider. To work around this problem, we use the
204         following placeholder in the authority to identify each host application as if it was
205         a completely different provider.
206        -->
207        <provider
207-->[com.facebook.android:facebook-core:13.2.0] AndroidManifest.xml:41:9-44:40
208            android:name="com.facebook.internal.FacebookInitProvider"
208-->[com.facebook.android:facebook-core:13.2.0] AndroidManifest.xml:42:13-70
209            android:authorities="com.chuwaichun.fyp.FacebookInitProvider"
209-->[com.facebook.android:facebook-core:13.2.0] AndroidManifest.xml:43:13-72
210            android:exported="false" />
210-->[com.facebook.android:facebook-core:13.2.0] AndroidManifest.xml:44:13-37
211
212        <receiver
212-->[com.facebook.android:facebook-core:13.2.0] AndroidManifest.xml:46:9-52:20
213            android:name="com.facebook.CurrentAccessTokenExpirationBroadcastReceiver"
213-->[com.facebook.android:facebook-core:13.2.0] AndroidManifest.xml:47:13-86
214            android:exported="false" >
214-->[com.facebook.android:facebook-core:13.2.0] AndroidManifest.xml:48:13-37
215            <intent-filter>
215-->[com.facebook.android:facebook-core:13.2.0] AndroidManifest.xml:49:13-51:29
216                <action android:name="com.facebook.sdk.ACTION_CURRENT_ACCESS_TOKEN_CHANGED" />
216-->[com.facebook.android:facebook-core:13.2.0] AndroidManifest.xml:50:17-95
216-->[com.facebook.android:facebook-core:13.2.0] AndroidManifest.xml:50:25-92
217            </intent-filter>
218        </receiver>
219        <receiver
219-->[com.facebook.android:facebook-core:13.2.0] AndroidManifest.xml:53:9-59:20
220            android:name="com.facebook.AuthenticationTokenManager$CurrentAuthenticationTokenChangedBroadcastReceiver"
220-->[com.facebook.android:facebook-core:13.2.0] AndroidManifest.xml:54:13-118
221            android:exported="false" >
221-->[com.facebook.android:facebook-core:13.2.0] AndroidManifest.xml:55:13-37
222            <intent-filter>
222-->[com.facebook.android:facebook-core:13.2.0] AndroidManifest.xml:56:13-58:29
223                <action android:name="com.facebook.sdk.ACTION_CURRENT_AUTHENTICATION_TOKEN_CHANGED" />
223-->[com.facebook.android:facebook-core:13.2.0] AndroidManifest.xml:57:17-103
223-->[com.facebook.android:facebook-core:13.2.0] AndroidManifest.xml:57:25-100
224            </intent-filter>
225        </receiver>
226
227        <activity
227-->[com.google.android.gms:play-services-auth:20.0.1] AndroidManifest.xml:23:9-27:75
228            android:name="com.google.android.gms.auth.api.signin.internal.SignInHubActivity"
228-->[com.google.android.gms:play-services-auth:20.0.1] AndroidManifest.xml:24:13-93
229            android:excludeFromRecents="true"
229-->[com.google.android.gms:play-services-auth:20.0.1] AndroidManifest.xml:25:13-46
230            android:exported="false"
230-->[com.google.android.gms:play-services-auth:20.0.1] AndroidManifest.xml:26:13-37
231            android:theme="@android:style/Theme.Translucent.NoTitleBar" />
231-->[com.google.android.gms:play-services-auth:20.0.1] AndroidManifest.xml:27:13-72
232        <!--
233            Service handling Google Sign-In user revocation. For apps that do not integrate with
234            Google Sign-In, this service will never be started.
235        -->
236        <service
236-->[com.google.android.gms:play-services-auth:20.0.1] AndroidManifest.xml:33:9-37:51
237            android:name="com.google.android.gms.auth.api.signin.RevocationBoundService"
237-->[com.google.android.gms:play-services-auth:20.0.1] AndroidManifest.xml:34:13-89
238            android:exported="true"
238-->[com.google.android.gms:play-services-auth:20.0.1] AndroidManifest.xml:35:13-36
239            android:permission="com.google.android.gms.auth.api.signin.permission.REVOCATION_NOTIFICATION"
239-->[com.google.android.gms:play-services-auth:20.0.1] AndroidManifest.xml:36:13-107
240            android:visibleToInstantApps="true" />
240-->[com.google.android.gms:play-services-auth:20.0.1] AndroidManifest.xml:37:13-48
241
242        <activity
242-->[com.google.android.gms:play-services-base:18.0.1] AndroidManifest.xml:20:9-22:45
243            android:name="com.google.android.gms.common.api.GoogleApiActivity"
243-->[com.google.android.gms:play-services-base:18.0.1] AndroidManifest.xml:20:19-85
244            android:exported="false"
244-->[com.google.android.gms:play-services-base:18.0.1] AndroidManifest.xml:22:19-43
245            android:theme="@android:style/Theme.Translucent.NoTitleBar" />
245-->[com.google.android.gms:play-services-base:18.0.1] AndroidManifest.xml:21:19-78
246
247        <meta-data
247-->[com.google.android.gms:play-services-basement:18.0.0] AndroidManifest.xml:21:9-23:69
248            android:name="com.google.android.gms.version"
248-->[com.google.android.gms:play-services-basement:18.0.0] AndroidManifest.xml:22:13-58
249            android:value="@integer/google_play_services_version" />
249-->[com.google.android.gms:play-services-basement:18.0.0] AndroidManifest.xml:23:13-66
250
251        <service
251-->[com.google.android.datatransport:transport-backend-cct:3.0.0] AndroidManifest.xml:29:9-35:19
252            android:name="com.google.android.datatransport.runtime.backends.TransportBackendDiscovery"
252-->[com.google.android.datatransport:transport-backend-cct:3.0.0] AndroidManifest.xml:30:13-103
253            android:exported="false" >
253-->[com.google.android.datatransport:transport-backend-cct:3.0.0] AndroidManifest.xml:31:13-37
254            <meta-data
254-->[com.google.android.datatransport:transport-backend-cct:3.0.0] AndroidManifest.xml:32:13-34:39
255                android:name="backend:com.google.android.datatransport.cct.CctBackendFactory"
255-->[com.google.android.datatransport:transport-backend-cct:3.0.0] AndroidManifest.xml:33:17-94
256                android:value="cct" />
256-->[com.google.android.datatransport:transport-backend-cct:3.0.0] AndroidManifest.xml:34:17-36
257        </service>
258        <service
258-->[com.google.android.datatransport:transport-runtime:3.0.0] AndroidManifest.xml:26:9-30:19
259            android:name="com.google.android.datatransport.runtime.scheduling.jobscheduling.JobInfoSchedulerService"
259-->[com.google.android.datatransport:transport-runtime:3.0.0] AndroidManifest.xml:27:13-117
260            android:exported="false"
260-->[com.google.android.datatransport:transport-runtime:3.0.0] AndroidManifest.xml:28:13-37
261            android:permission="android.permission.BIND_JOB_SERVICE" >
261-->[com.google.android.datatransport:transport-runtime:3.0.0] AndroidManifest.xml:29:13-69
262        </service>
263
264        <receiver
264-->[com.google.android.datatransport:transport-runtime:3.0.0] AndroidManifest.xml:32:9-34:40
265            android:name="com.google.android.datatransport.runtime.scheduling.jobscheduling.AlarmManagerSchedulerBroadcastReceiver"
265-->[com.google.android.datatransport:transport-runtime:3.0.0] AndroidManifest.xml:33:13-132
266            android:exported="false" />
266-->[com.google.android.datatransport:transport-runtime:3.0.0] AndroidManifest.xml:34:13-37
267    </application>
268
269</manifest>